running example: Wed Mar  3 11:00:57 +03 2021

   setting up example...


  decomposing mesh...


 **********************
 Serial mesh decomposer
 **********************

 reading mesh files in: ./MESH-default

   using NGNOD =            8
   linear elements

 total number of nodes:
   nnodes =         2592
 total number of spectral elements:
   nspec =         1920
 materials:
   num_mat =            1
   num_mat =            1
   defined =            2 undefined =            0
   no poroelastic material file found
   defined materials  :            2
   undefined materials:            2  (interfaces/tomography models/..)
 absorbing boundaries:
   nspec2D_xmin =          128
   nspec2D_xmax =          128
   nspec2D_ymin =          120
   nspec2D_ymax =          120
   nspec2D_bottom =          240
   nspec2D_top =          240
   no absorbing_cpml_file file found
   no moho_surface_file file found
 node valence:
   min =            1  max =            8
 neighbors:
   nsize =            8
   valence: sup_neighbor =           38 max_neighbor =           26

 local time stepping: turned OFF

 partitioning:
   number of partitions requested =            4

   array size xadj  :         1921  memory:    7.32803345E-03 MB
   array size adjncy:        49920  memory:   0.190429688     MB
   sup_neighbor     :           26

   mesh2dual: max_neighbor =           26


 partitioning type:            1
   running SCOTCH partitioning

 SCOTCH partitioning
 finished partitioning

 fault repartitioning: (parallel version)
   total number of fault elements:          120

   repartition loop           1  changed          120  coupled fault elements out of          120
   repartition loop           2  changed          120  coupled fault elements out of          120

 element distribution:
   partition            0        has          512  elements
   partition            1        has          568  elements
   partition            2        has          400  elements
   partition            3        has          440  elements
   elements per partition: min/max   =          400         568
   elements per partition: imbalance =    29.5774651     %
                           (0% being totally balanced, 100% being unbalanced)

 load distribution:
   element loads: min/max =           41          41

   partition            0        has        20992  load units
   partition            1        has        23288  load units
   partition            2        has        16400  load units
   partition            3        has        18040  load units
   load per partition: min/max   =        16400       23288
   load per partition: imbalance =    29.5774651     %
                       (0% being totally balanced, 100% being unbalanced)

 partitions:
   num =            4

 Databases files in directory: DATABASES_MPI

 finished successfully


  running database generation on  4 processors...


  running solver on  4 processors...


see results in directory: OUTPUT_FILES/

done
Wed Mar 3 11:01:38 +03 2021

