running example: Fri Jan 19 01:05:46 AST 2018

   setting up example...


  decomposing mesh...


 **********************
 Serial mesh decomposer
 **********************

 total number of nodes:
   nnodes =        23273
 total number of spectral elements:
   nspec =        20736
 materials:
   num_mat =            1
   defined =            1 undefined =            0
   no poroelastic material file found
 absorbing boundaries:
   nspec2D_xmin =          576
   nspec2D_xmax =          576
   nspec2D_ymin =          576
   nspec2D_ymax =          576
   nspec2D_bottom =         1296
   nspec2D_top =         1296
   nspec_cpml =         9036
   no moho_surface_file file found
 Par_file_faults not found: assuming that there are no faults
 node valence:  min =            1  max =            8
   nsize =            8 sup_neighbor =           38
 mesh2dual:
   max_neighbor =           26
 partitions:
   num =            4

 Databases files in directory: ./OUTPUT_FILES/DATABASES_MPI
 finished successfully


  running database generation on  4 processors...


  running solver on  4 processors...


see results in directory: OUTPUT_FILES/

done
Fri Jan 19 01:11:18 AST 2018

