running example: Sat Jan 13 12:18:04 CET 2024

   setting up example...


  decomposing mesh...


 **********************
 Serial mesh decomposer
 **********************

 reading mesh files in: ./MESH-default

   using NGNOD =            8
   linear elements

 total number of nodes:
   nnodes =        41228
 total number of spectral elements:
   nspec =        37212
 materials:
   num_mat =            1
   defined =            1 undefined =            0
   no poroelastic material file found
   defined materials  :            1
   undefined materials:            1  (interfaces/tomography models/..)
 absorbing boundaries:
   nspec2D_xmin =          882
   nspec2D_xmax =          882
   nspec2D_ymin =          882
   nspec2D_ymax =          882
   nspec2D_bottom =         1772
   nspec2D_top =         1772
   no absorbing_cpml_file file found
   no moho_surface_file file found
 faults :
   number of faults =            1
   reading fault: elements =         378
   closing fault: elements =         378
   fault-up   surface: minimum element size =   1000.0000000000000
   fault-down surface: minimum element size =   1000.0000000000000
   using kd-tree search for matching fault nodes
   search timing:    1.88000500E-04 (s)
   opposite node maximum gap distance =  0.20000000000000001
 node valence:
   min =            1  max =           10
 neighbors:
   nsize =           10
   valence: sup_neighbor =           54 max_neighbor =           29

 local time stepping: turned OFF

 partitioning:
   number of partitions requested =            4

   array size xadj  :        37213  memory:   0.141956329     MB
   array size adjncy:      1079148  memory:    4.11662292     MB
   sup_neighbor     :           29

   mesh2dual: max_neighbor =           29


 partitioning type:            1
   running SCOTCH partitioning

 SCOTCH partitioning
 finished partitioning

 fault repartitioning: (parallel version)
   total number of fault elements:          378

   heuristic scheme
   adding elements touching faults
   partition :           0 initial elements =        8988  - fault elements added =           1
   partition :           1 initial elements =        9429  - fault elements added =         -21
   partition :           2 initial elements =        9135  - fault elements added =          -2
   partition :           3 initial elements =        9660  - fault elements added =          22

   written file: ./OUTPUT_FILES/DATABASES_MPI/part_array.vtk

 element distribution:
   partition            0        has         8989  elements
   partition            1        has         9408  elements
   partition            2        has         9133  elements
   partition            3        has         9682  elements
   elements per partition: min/max   =         8989        9682
   elements per partition: imbalance =    7.15761185     %
                           (0% being totally balanced, 100% being unbalanced)

 load distribution:
   element loads: min/max =           41          41

   partition            0        has       368549  load units
   partition            1        has       385728  load units
   partition            2        has       374453  load units
   partition            3        has       396962  load units
   load per partition: min/max   =       368549      396962
   load per partition: imbalance =    7.15761185     %
                       (0% being totally balanced, 100% being unbalanced)

 partitions:
   num         =            4
   ninterfaces =            6

   partition            0 has number of MPI interfaces:            2 maximum size        4634
   partition            1 has number of MPI interfaces:            3 maximum size        4822
   partition            2 has number of MPI interfaces:            3 maximum size        4634
   partition            3 has number of MPI interfaces:            2 maximum size        4822

 Databases files in directory: ./OUTPUT_FILES/DATABASES_MPI


 finished successfully


  running database generation on  4 processors...


  running solver on  4 processors...


see results in directory: OUTPUT_FILES/

done
Sat Jan 13 12:20:10 CET 2024

