running example: Fri Oct 21 01:12:11 AST 2016

   setting up example...


  setting up tomography model

creating header info...
adding model values...
tomography_model.xyz -> DATA/tomography_model.xyz
created file: DATA/tomography_model.xyz


  decomposing mesh...

 total number of nodes:
   nnodes =        23273
 total number of spectral elements:
   nspec =        20736
 materials:
   num_mat =           -1
   defined =            0 undefined =            1
   no poroelastic material file found
 absorbing boundaries:
   nspec2D_xmin =          576
   nspec2D_xmax =          576
   nspec2D_ymin =          576
   nspec2D_ymax =          576
   nspec2D_bottom =         1296
   nspec2D_top =         1296
   no absorbing_cpml_file file found
   no moho_surface_file file found
 Par_file_faults not found: assume no faults
 node valence:  min =            1  max =            8
   nsize =            8 sup_neighbour =           38
 mesh2dual:
   max_neighbour =           26
 partitions:
   num =            4

 Databases files in directory: ./OUTPUT_FILES/DATABASES_MPI
 finished successfully


  running database generation on  4 processors...


  running solver on  4 processors...


see results in directory: OUTPUT_FILES/

done
Fri Oct 21 01:16:49 AST 2016
