running example: Fri Jul  2 14:19:06 CEST 2021

   setting up example...


  decomposing mesh...


 **********************
 Serial mesh decomposer
 **********************

 reading mesh files in: ./MESH-default

   using NGNOD =            8
   linear elements

 total number of nodes:
   nnodes =          495
 total number of spectral elements:
   nspec =          320
 materials:
   num_mat =            1
   defined =            1 undefined =            0
   no poroelastic material file found
   defined materials  :            1
   undefined materials:            1  (interfaces/tomography models/..)
 absorbing boundaries:
   nspec2D_xmin =           32
   nspec2D_xmax =           32
   nspec2D_ymin =           40
   nspec2D_ymax =           40
   nspec2D_bottom =           80
   nspec2D_top =           80
   no absorbing_cpml_file file found
   no moho_surface_file file found

 Par_file_faults not found: assuming that there are no faults

 node valence:
   min =            1  max =            8
 neighbors:
   nsize =            8
   valence: sup_neighbor =           38 max_neighbor =           26

 local time stepping: turned OFF

 partitioning:
   number of partitions requested =            4

   array size xadj  :          321  memory:    1.22451782E-03 MB
   array size adjncy:         8320  memory:    3.17382812E-02 MB
   sup_neighbor     :           26

   mesh2dual: max_neighbor =           26


 partitioning type:            1
   running SCOTCH partitioning

 SCOTCH partitioning
 finished partitioning

   written file: ./OUTPUT_FILES/DATABASES_MPI/part_array.vtk

 element distribution:
   partition            0        has           80  elements
   partition            1        has           80  elements
   partition            2        has           80  elements
   partition            3        has           80  elements
   elements per partition: min/max   =           80          80
   elements per partition: imbalance =    0.00000000     %
                           (0% being totally balanced, 100% being unbalanced)

 load distribution:
   element loads: min/max =           59          59

   partition            0        has         4720  load units
   partition            1        has         4720  load units
   partition            2        has         4720  load units
   partition            3        has         4720  load units
   load per partition: min/max   =         4720        4720
   load per partition: imbalance =    0.00000000     %
                       (0% being totally balanced, 100% being unbalanced)

 partitions:
   num         =            4
   ninterfaces =            6

   partition            0 has number of MPI interfaces:            3 maximum size         140
   partition            1 has number of MPI interfaces:            3 maximum size         140
   partition            2 has number of MPI interfaces:            3 maximum size         140
   partition            3 has number of MPI interfaces:            3 maximum size         140

 Databases files in directory: ./OUTPUT_FILES/DATABASES_MPI


 finished successfully


  running database generation on  4 processors...


  running solver on  4 processors...


see results in directory: OUTPUT_FILES/

done
Fri Jul 2 14:20:03 CEST 2021

