LAYR 1           1.00k
 4.91
 4.95
 5.00
 5.07
 5.13
 4.60
 4.06
 4.24
 4.43
 4.41
 4.39
 4.41
 4.43
 4.52
 4.64
 4.65
 4.79
 5.46
 5.07
 4.79
 4.95
 4.77
 4.28
 4.28
 4.89
 4.76
 4.13
 4.22
 4.29
 5.03
 5.29
 5.89
 5.71
 5.56
 5.12
 5.09
 5.19
 5.48
 5.09
 3.71
 3.78
 3.72
 4.32
 4.41
 4.66
 3.71
 5.29
 5.59
 5.08
 4.35
 4.38
 5.08
 3.29
 3.24
 3.25
 3.31
 3.57
 3.75
 4.24
 6.19
 5.49
 5.73
 5.44
 5.55
 5.06
 3.69
 3.24
 3.60
 3.40
 4.31
 3.21
 5.74
 5.52
 5.28
 5.68
 5.93
 5.17
 5.09
 4.10
 3.57
 4.17
 4.51
 4.66
 4.13
 4.72
 5.24
 4.45
 5.25
 5.57
 5.41
 5.12
 4.58
 4.78
 5.48
 5.06
 4.62
 4.42
 6.72
 5.40
 5.10
 4.74
 3.95
 3.91
 4.79
 5.05
 5.07
 5.76
 4.78
 5.60
 5.19
 3.89
 3.92
 3.98
 3.00
 2.56
 3.18
 4.46
 4.81
 4.81
 4.44
 3.98
 4.77
 4.05
 2.29
 2.74
 3.51
 3.16
 3.11
 3.94
 4.34
 4.57
 4.55
 4.53
 4.58
 4.60
 4.39
 3.94
 3.94
 3.09
 3.49
 3.14
 3.78
 4.23
 4.40
 4.41
 4.43
 4.48
 4.52
 4.43
 4.86
 4.60
 3.20
 2.11
 3.09
 3.81
 4.06
 4.23
 4.26
 4.33
 4.39
 4.44
 4.48
 4.66
 4.54
 4.00
 3.03
 3.63
 3.54
 3.89
 4.22
 4.28
 4.32
 4.38
 4.45
 4.46
 4.46
 4.31
 4.14
 4.02
 3.94
 3.96
 3.97
 4.20
 4.02
 4.32
 4.38
 4.59
 4.56
 4.41
 4.38
 4.40
 4.28
 4.21
 4.13
 4.06
 4.21
 4.20
 4.32
 4.38
 4.52
 4.87
 4.94
 4.89
 4.67
 4.51
 4.37
 4.26
 4.16
 4.23
 4.28
 4.33
 4.39
 4.44
 4.61
 4.78
 4.85
 4.93
 4.73
 4.52
 4.39
 4.25
LAYR 2           4.00k
 6.29
 6.29
 6.29
 6.25
 6.21
 5.85
 5.49
 5.67
 5.85
 5.92
 5.99
 6.07
 6.16
 5.95
 6.10
 5.98
 5.72
 6.24
 5.25
 5.01
 6.03
 5.85
 5.62
 5.96
 6.45
 6.30
 5.61
 5.63
 5.53
 5.70
 6.16
 6.51
 6.17
 6.22
 5.78
 5.81
 6.27
 6.46
 6.44
 5.19
 5.53
 5.07
 5.36
 5.34
 6.07
 6.06
 6.10
 6.31
 5.68
 6.67
 6.73
 6.47
 4.76
 4.70
 4.48
 4.71
 4.74
 4.80
 5.70
 6.01
 6.28
 6.38
 6.67
 5.88
 6.50
 5.21
 4.81
 4.94
 4.77
 5.15
 5.26
 5.33
 5.78
 6.18
 6.29
 5.86
 7.07
 6.59
 5.66
 5.19
 5.24
 5.70
 5.47
 5.13
 4.80
 6.02
 5.64
 6.12
 5.87
 6.59
 6.68
 6.14
 6.26
 6.33
 6.79
 6.10
 5.82
 6.36
 6.50
 6.05
 6.26
 6.66
 6.79
 6.42
 6.62
 6.38
 6.25
 6.24
 5.48
 5.65
 4.58
 5.94
 5.64
 6.13
 5.80
 6.25
 6.17
 6.38
 6.05
 6.17
 5.60
 5.55
 5.75
 4.91
 4.12
 4.61
 4.79
 6.08
 5.30
 5.93
 6.13
 6.06
 6.11
 6.15
 6.03
 5.85
 5.75
 5.56
 4.46
 4.77
 3.98
 5.14
 5.70
 5.94
 5.84
 5.94
 5.98
 5.99
 5.82
 6.36
 6.69
 5.10
 5.47
 4.53
 5.38
 5.49
 5.76
 5.77
 5.87
 5.95
 6.01
 6.07
 5.97
 6.44
 5.88
 5.75
 5.01
 4.95
 5.29
 5.74
 5.84
 5.89
 5.95
 6.11
 5.93
 5.97
 5.91
 5.72
 5.53
 5.41
 5.41
 5.41
 5.72
 5.20
 5.85
 5.96
 6.61
 5.78
 5.86
 5.52
 5.80
 5.75
 5.70
 5.62
 5.54
 5.75
 5.91
 5.96
 5.96
 6.17
 6.50
 6.48
 5.75
 6.19
 5.97
 5.87
 5.77
 5.67
 5.78
 5.84
 5.90
 5.97
 6.04
 6.18
 6.33
 6.35
 6.37
 6.21
 6.04
 5.92
 5.80
LAYR 3           6.00k
 6.40
 6.36
 6.31
 6.22
 6.14
 6.05
 5.95
 6.00
 6.05
 6.12
 6.19
 6.26
 6.32
 6.22
 6.39
 6.24
 6.05
 6.17
 5.50
 5.65
 6.00
 6.05
 6.04
 6.07
 6.15
 6.24
 6.04
 6.04
 5.94
 5.80
 6.00
 6.16
 5.85
 6.01
 6.02
 6.12
 6.03
 6.14
 6.15
 5.75
 6.60
 5.78
 5.72
 5.79
 5.98
 6.21
 6.52
 6.59
 5.96
 6.01
 5.87
 6.14
 5.46
 5.53
 5.16
 5.06
 5.21
 5.79
 6.08
 6.60
 6.05
 6.00
 6.16
 6.21
 6.13
 5.73
 5.47
 5.49
 5.32
 5.10
 5.02
 5.55
 6.03
 5.95
 6.24
 6.13
 6.32
 6.07
 6.01
 5.86
 5.49
 5.65
 5.69
 5.78
 5.81
 5.86
 6.34
 6.23
 6.42
 5.78
 6.00
 6.29
 6.42
 6.37
 6.71
 6.58
 5.59
 5.83
 6.53
 6.38
 5.93
 6.49
 5.77
 5.90
 6.57
 6.70
 6.23
 6.51
 5.54
 5.98
 6.31
 6.81
 5.96
 6.17
 6.88
 6.05
 5.81
 6.44
 5.95
 5.92
 6.47
 5.54
 6.07
 6.22
 5.21
 4.62
 4.75
 5.30
 5.38
 5.75
 6.31
 6.21
 6.27
 6.16
 6.22
 6.04
 6.58
 5.85
 5.19
 4.87
 4.61
 5.40
 5.70
 6.19
 6.14
 6.06
 6.17
 6.24
 6.19
 5.90
 6.05
 6.01
 5.53
 5.13
 5.69
 5.68
 6.08
 6.13
 6.10
 6.18
 6.38
 6.03
 6.09
 6.54
 6.26
 5.76
 5.45
 5.69
 5.66
 6.08
 6.08
 6.30
 6.27
 6.55
 6.46
 6.01
 6.07
 6.06
 5.95
 5.78
 5.77
 5.77
 6.07
 5.80
 6.08
 6.47
 6.71
 6.02
 6.02
 5.45
 6.05
 6.07
 5.99
 5.93
 5.88
 6.08
 6.16
 6.42
 6.37
 6.34
 6.58
 7.02
 6.09
 6.38
 6.22
 6.15
 6.07
 5.99
 6.09
 6.16
 6.23
 6.30
 6.36
 6.50
 6.64
 6.59
 6.54
 6.42
 6.30
 6.20
 6.10
LAYR 4           8.00k
 6.55
 6.44
 6.33
 6.18
 6.03
 6.03
 6.02
 6.04
 6.06
 6.19
 6.32
 6.45
 6.59
 6.42
 6.48
 6.63
 6.26
 6.13
 5.49
 5.91
 6.10
 6.20
 6.28
 6.27
 6.18
 6.46
 6.29
 6.40
 6.45
 5.92
 6.15
 6.11
 6.43
 6.19
 6.22
 6.19
 6.23
 6.20
 6.33
 6.00
 6.62
 6.14
 5.87
 6.00
 6.54
 6.25
 6.64
 6.73
 6.22
 6.19
 6.29
 6.25
 5.71
 5.37
 5.33
 5.06
 5.64
 5.68
 6.14
 6.65
 6.69
 6.44
 6.16
 6.35
 6.17
 5.89
 5.44
 5.60
 5.03
 5.17
 5.20
 5.94
 6.13
 6.24
 6.77
 6.48
 6.52
 6.14
 6.08
 6.00
 5.81
 6.09
 6.33
 6.34
 5.97
 6.25
 6.09
 6.27
 6.12
 6.23
 6.10
 6.29
 6.61
 7.09
 6.82
 7.02
 5.52
 6.04
 6.78
 6.25
 6.61
 6.76
 6.27
 6.05
 6.49
 6.53
 6.89
 6.52
 6.64
 6.19
 6.46
 6.40
 6.71
 6.17
 6.88
 6.54
 5.99
 6.43
 6.17
 6.18
 6.34
 6.17
 6.22
 6.11
 6.02
 5.68
 5.68
 5.96
 5.94
 6.03
 6.36
 6.25
 6.14
 5.99
 6.32
 5.97
 6.16
 5.99
 5.72
 5.40
 6.05
 6.36
 6.06
 6.27
 6.40
 6.12
 6.02
 6.32
 6.22
 6.12
 6.06
 6.05
 5.74
 5.87
 6.24
 6.11
 6.19
 6.14
 6.14
 6.04
 6.44
 6.32
 6.25
 6.01
 6.00
 6.31
 6.14
 7.05
 6.16
 6.20
 5.87
 6.17
 6.38
 6.41
 5.89
 6.01
 5.99
 6.07
 6.11
 6.20
 6.27
 6.16
 6.20
 6.13
 6.20
 6.59
 6.34
 6.04
 6.12
 5.73
 5.98
 6.16
 6.16
 6.16
 6.17
 6.22
 6.26
 6.35
 6.60
 6.59
 6.42
 6.39
 6.45
 6.36
 6.45
 6.25
 6.24
 6.20
 6.23
 6.28
 6.33
 6.38
 6.43
 6.43
 6.43
 6.44
 6.44
 6.39
 6.33
 6.29
 6.24
LAYR 5          12.00k
 6.55
 6.49
 6.42
 6.35
 6.28
 6.28
 6.27
 6.28
 6.28
 6.33
 6.39
 6.44
 6.50
 6.55
 6.50
 6.59
 6.90
 6.79
 6.34
 6.34
 6.18
 6.26
 6.27
 6.20
 6.24
 6.42
 6.56
 6.45
 6.71
 6.66
 6.56
 6.08
 6.33
 6.28
 6.24
 6.10
 6.26
 6.32
 6.35
 6.48
 6.40
 6.46
 6.11
 6.01
 6.30
 6.31
 6.80
 6.58
 6.23
 6.35
 6.23
 6.28
 6.40
 5.97
 6.05
 5.88
 6.11
 5.36
 5.95
 6.60
 6.84
 6.44
 6.45
 6.22
 6.21
 6.37
 5.89
 6.02
 5.62
 5.23
 6.09
 6.57
 6.08
 6.24
 6.42
 6.51
 6.17
 6.27
 6.34
 6.43
 6.58
 6.55
 6.95
 6.60
 6.09
 6.62
 6.38
 6.22
 6.25
 6.19
 6.34
 6.36
 6.62
 6.46
 7.07
 6.91
 6.19
 6.70
 6.71
 6.49
 6.24
 6.51
 6.35
 6.39
 6.37
 6.50
 6.41
 6.44
 6.47
 6.40
 6.09
 6.42
 6.24
 6.63
 6.45
 6.28
 6.44
 6.39
 6.27
 6.27
 6.15
 5.98
 6.14
 5.88
 5.84
 6.04
 6.18
 6.69
 6.02
 6.43
 6.40
 6.48
 6.31
 6.12
 6.11
 5.83
 5.93
 6.15
 6.70
 6.16
 6.80
 6.49
 6.42
 6.39
 6.53
 6.34
 6.01
 6.30
 6.27
 6.34
 6.35
 6.06
 6.40
 6.56
 6.49
 6.44
 6.38
 6.26
 6.17
 6.13
 6.42
 6.01
 6.22
 5.89
 6.20
 6.81
 6.23
 6.71
 6.45
 6.38
 6.45
 6.34
 6.36
 6.56
 5.86
 6.16
 5.83
 6.21
 6.16
 7.00
 6.67
 6.42
 6.38
 6.40
 6.45
 6.43
 6.46
 6.60
 6.59
 6.42
 6.04
 6.61
 6.71
 6.45
 6.40
 6.38
 6.41
 6.44
 6.47
 6.48
 6.47
 6.55
 6.52
 6.38
 6.57
 6.34
 6.45
 6.39
 6.38
 6.41
 6.45
 6.49
 6.53
 6.51
 6.49
 6.47
 6.45
 6.43
 6.41
 6.40
 6.38
LAYR 6          16.00k
 6.50
 6.49
 6.47
 6.46
 6.45
 6.45
 6.46
 6.47
 6.48
 6.49
 6.51
 6.52
 6.53
 6.58
 6.35
 6.35
 6.60
 6.66
 6.47
 6.37
 6.37
 6.42
 6.45
 6.47
 6.50
 6.51
 6.65
 6.35
 6.17
 6.37
 6.49
 6.44
 6.42
 6.39
 6.38
 6.39
 6.44
 6.46
 6.49
 6.74
 6.51
 6.65
 6.55
 6.32
 6.20
 6.41
 6.36
 6.35
 6.40
 6.39
 6.44
 6.47
 6.83
 6.60
 6.79
 6.87
 6.80
 6.04
 6.60
 6.48
 6.29
 6.55
 6.39
 6.40
 6.45
 6.76
 6.75
 6.64
 7.00
 6.49
 6.71
 6.71
 6.22
 6.29
 6.47
 6.30
 6.36
 6.47
 6.69
 6.81
 7.01
 7.04
 6.89
 6.88
 6.35
 6.41
 6.12
 6.20
 6.28
 6.35
 6.50
 6.64
 7.02
 6.91
 6.89
 7.05
 6.34
 6.19
 6.59
 6.34
 6.37
 6.23
 6.35
 6.51
 6.59
 6.93
 6.64
 6.26
 6.28
 6.32
 5.99
 6.49
 6.11
 6.22
 6.28
 6.39
 6.52
 6.56
 6.67
 6.29
 6.26
 6.03
 6.30
 6.30
 6.32
 6.25
 6.60
 6.66
 6.45
 6.53
 6.53
 6.44
 6.40
 6.48
 6.37
 6.35
 6.43
 6.17
 6.57
 6.87
 6.84
 6.49
 6.54
 6.51
 6.37
 6.45
 6.63
 6.45
 6.30
 6.65
 6.29
 6.26
 6.67
 6.79
 6.61
 6.55
 6.48
 6.38
 6.50
 6.79
 7.03
 6.40
 6.76
 6.10
 6.32
 6.40
 6.64
 6.65
 6.56
 6.49
 6.57
 6.54
 6.58
 7.02
 6.67
 6.73
 6.60
 6.32
 6.40
 6.61
 6.54
 6.55
 6.49
 6.51
 6.53
 6.53
 6.57
 6.63
 6.67
 6.63
 6.50
 6.47
 6.50
 6.50
 6.53
 6.49
 6.51
 6.52
 6.53
 6.55
 6.55
 6.54
 6.52
 6.50
 6.51
 6.50
 6.50
 6.51
 6.50
 6.51
 6.51
 6.52
 6.52
 6.52
 6.51
 6.51
 6.50
 6.50
 6.50
 6.50
 6.50
LAYR 7          20.00k
 6.69
 6.68
 6.68
 6.67
 6.67
 6.67
 6.68
 6.68
 6.69
 6.69
 6.70
 6.70
 6.71
 6.71
 6.68
 6.68
 6.70
 6.68
 6.66
 6.67
 6.69
 6.68
 6.69
 6.69
 6.70
 6.70
 6.74
 6.66
 6.48
 6.51
 6.60
 6.65
 6.69
 6.71
 6.68
 6.68
 6.68
 6.69
 6.70
 6.77
 6.71
 6.80
 6.74
 6.89
 6.81
 6.73
 6.69
 6.68
 6.66
 6.66
 6.67
 6.69
 6.80
 6.70
 6.87
 7.05
 6.77
 6.65
 6.78
 6.72
 6.66
 6.65
 6.66
 6.66
 6.68
 6.79
 6.78
 7.00
 6.88
 6.87
 6.42
 6.59
 6.68
 6.81
 6.66
 6.62
 6.62
 6.68
 6.78
 6.92
 6.83
 6.68
 6.82
 6.78
 6.63
 6.76
 6.72
 6.59
 6.59
 6.62
 6.68
 6.76
 6.74
 6.64
 6.78
 6.89
 6.77
 7.08
 6.80
 6.45
 6.54
 6.62
 6.66
 6.69
 6.75
 6.72
 6.67
 6.70
 7.12
 6.85
 6.43
 6.59
 6.57
 6.73
 6.62
 6.69
 6.70
 6.73
 6.70
 6.74
 6.48
 6.87
 6.91
 6.52
 6.82
 6.45
 6.80
 6.71
 6.68
 6.72
 6.71
 6.64
 6.83
 6.60
 6.87
 7.20
 6.74
 6.75
 6.73
 6.83
 6.75
 6.72
 6.73
 6.70
 6.66
 6.65
 7.02
 6.86
 7.12
 6.79
 6.67
 6.50
 6.76
 6.78
 6.73
 6.74
 6.69
 6.69
 6.71
 6.84
 6.77
 6.90
 6.80
 6.79
 6.50
 6.72
 6.79
 6.73
 6.76
 6.69
 6.70
 6.71
 6.72
 6.76
 6.78
 6.74
 6.72
 6.63
 6.65
 6.76
 6.77
 6.74
 6.69
 6.70
 6.71
 6.71
 6.72
 6.72
 6.70
 6.69
 6.69
 6.70
 6.70
 6.74
 6.73
 6.69
 6.70
 6.70
 6.71
 6.71
 6.71
 6.70
 6.69
 6.69
 6.69
 6.70
 6.71
 6.71
 6.70
 6.70
 6.70
 6.70
 6.70
 6.70
 6.70
 6.70
 6.69
 6.69
 6.69
 6.69
 6.70
LAYR 1           1.00k
 2.91
 2.98
 3.05
 3.11
 3.17
 2.80
 2.45
 2.54
 2.64
 2.61
 2.57
 2.58
 2.58
 2.67
 2.77
 2.77
 2.93
 3.04
 2.76
 2.70
 2.91
 2.92
 2.58
 2.54
 2.92
 2.78
 2.43
 2.47
 2.48
 2.85
 3.09
 3.37
 3.15
 2.98
 2.92
 2.89
 3.13
 3.05
 2.99
 2.17
 2.20
 2.11
 2.28
 2.37
 2.50
 1.95
 2.93
 3.19
 2.83
 2.33
 2.51
 2.97
 1.90
 1.79
 1.87
 1.67
 1.84
 2.03
 2.33
 3.33
 3.14
 3.40
 3.01
 3.24
 2.94
 2.12
 1.93
 1.95
 1.68
 2.26
 1.43
 2.85
 3.19
 3.11
 3.31
 3.46
 2.84
 2.91
 2.36
 2.07
 2.34
 2.41
 2.53
 2.16
 2.41
 2.77
 2.45
 2.95
 3.11
 2.87
 2.89
 2.59
 2.63
 2.97
 2.82
 2.34
 2.53
 3.98
 3.47
 3.36
 2.41
 2.15
 2.13
 2.69
 2.84
 2.74
 3.04
 2.59
 3.18
 2.78
 2.19
 1.85
 2.09
 1.46
 1.35
 1.74
 2.51
 2.73
 2.70
 2.43
 2.20
 2.64
 2.23
 1.27
 1.44
 1.87
 1.71
 1.77
 2.18
 2.45
 2.63
 2.60
 2.55
 2.57
 2.51
 2.46
 2.26
 2.25
 1.74
 1.92
 1.74
 2.14
 2.42
 2.53
 2.52
 2.50
 2.57
 2.57
 2.52
 2.71
 2.76
 1.87
 1.17
 1.79
 2.19
 2.35
 2.43
 2.44
 2.49
 2.54
 2.57
 2.58
 2.59
 2.64
 2.37
 1.74
 2.07
 2.07
 2.27
 2.41
 2.41
 2.47
 2.52
 2.56
 2.55
 2.58
 2.47
 2.43
 2.32
 2.25
 2.28
 2.31
 2.39
 2.18
 2.45
 2.50
 2.62
 2.60
 2.50
 2.50
 2.64
 2.45
 2.40
 2.39
 2.35
 2.41
 2.35
 2.47
 2.49
 2.57
 2.77
 2.69
 2.79
 2.66
 2.57
 2.49
 2.45
 2.40
 2.43
 2.45
 2.47
 2.49
 2.52
 2.59
 2.67
 2.72
 2.79
 2.69
 2.58
 2.52
 2.46
LAYR 2           4.00k
 3.66
 3.70
 3.72
 3.72
 3.72
 3.48
 3.25
 3.34
 3.42
 3.46
 3.48
 3.53
 3.58
 3.46
 3.62
 3.52
 3.39
 3.52
 2.97
 2.94
 3.65
 3.48
 3.34
 3.51
 3.78
 3.66
 3.26
 3.32
 3.23
 3.33
 3.43
 3.81
 3.44
 3.46
 3.38
 3.36
 3.58
 3.73
 3.72
 3.00
 3.21
 2.97
 2.92
 2.86
 3.31
 3.34
 3.45
 3.57
 3.21
 3.80
 3.81
 3.74
 2.74
 2.69
 2.59
 2.56
 2.52
 2.82
 3.52
 3.43
 3.46
 3.68
 3.75
 3.36
 3.74
 2.99
 2.80
 2.82
 2.57
 2.79
 3.09
 2.84
 3.38
 3.52
 3.47
 3.41
 4.12
 3.77
 3.25
 3.00
 2.98
 3.18
 3.05
 2.70
 2.63
 3.33
 3.17
 3.47
 3.44
 3.73
 3.80
 3.51
 3.56
 3.53
 3.81
 3.20
 3.48
 3.68
 3.72
 3.49
 3.49
 3.81
 3.86
 3.65
 3.74
 3.44
 3.47
 3.43
 3.27
 3.20
 2.55
 2.88
 3.11
 3.24
 3.19
 3.57
 3.51
 3.65
 3.41
 3.35
 3.28
 3.24
 3.21
 2.75
 2.16
 2.54
 2.64
 3.50
 3.02
 3.37
 3.52
 3.48
 3.40
 3.42
 3.23
 3.29
 3.34
 3.28
 2.52
 2.57
 2.26
 2.93
 3.26
 3.39
 3.36
 3.37
 3.47
 3.40
 3.19
 3.52
 3.97
 2.90
 3.04
 2.65
 3.13
 3.16
 3.27
 3.26
 3.36
 3.42
 3.47
 3.48
 3.36
 3.71
 3.45
 3.24
 2.88
 2.87
 3.06
 3.26
 3.24
 3.35
 3.40
 3.50
 3.26
 3.41
 3.40
 3.45
 3.18
 3.10
 3.13
 3.13
 3.23
 2.80
 3.33
 3.40
 3.78
 3.27
 3.30
 3.13
 3.38
 3.27
 3.24
 3.23
 3.20
 3.27
 3.35
 3.38
 3.39
 3.52
 3.60
 3.61
 3.35
 3.56
 3.44
 3.37
 3.32
 3.28
 3.30
 3.32
 3.35
 3.37
 3.41
 3.49
 3.58
 3.61
 3.64
 3.55
 3.47
 3.40
 3.35
LAYR 3           6.00k
 3.72
 3.72
 3.71
 3.68
 3.65
 3.60
 3.52
 3.53
 3.54
 3.58
 3.60
 3.64
 3.67
 3.62
 3.80
 3.68
 3.51
 3.64
 3.19
 3.35
 3.56
 3.53
 3.53
 3.55
 3.58
 3.63
 3.49
 3.53
 3.50
 3.36
 3.40
 3.56
 3.30
 3.55
 3.52
 3.65
 3.52
 3.61
 3.58
 3.32
 3.83
 3.45
 3.25
 3.26
 3.42
 3.49
 3.73
 3.73
 3.45
 3.49
 3.40
 3.57
 3.14
 3.24
 2.93
 2.82
 2.85
 3.25
 3.42
 3.81
 3.31
 3.40
 3.48
 3.61
 3.56
 3.29
 3.15
 3.23
 3.07
 2.70
 2.97
 2.91
 3.38
 3.42
 3.48
 3.66
 3.67
 3.51
 3.47
 3.37
 3.15
 3.12
 3.10
 3.36
 3.09
 3.32
 3.60
 3.59
 3.70
 3.29
 3.45
 3.61
 3.69
 3.61
 3.76
 3.57
 3.26
 3.33
 3.64
 3.77
 3.44
 3.73
 3.38
 3.37
 3.78
 3.77
 3.59
 3.70
 3.28
 3.54
 3.53
 3.88
 3.47
 3.43
 4.03
 3.59
 3.30
 3.70
 3.38
 3.39
 3.72
 3.19
 3.54
 3.62
 2.79
 2.60
 2.66
 3.00
 3.06
 3.29
 3.65
 3.60
 3.61
 3.54
 3.43
 3.34
 3.86
 3.45
 2.88
 2.67
 2.67
 3.09
 3.28
 3.58
 3.70
 3.45
 3.57
 3.52
 3.39
 3.43
 3.46
 3.36
 3.09
 3.03
 3.34
 3.28
 3.49
 3.46
 3.49
 3.57
 3.72
 3.37
 3.51
 3.70
 3.50
 3.23
 3.18
 3.32
 3.27
 3.49
 3.48
 3.63
 3.61
 3.81
 3.71
 3.45
 3.37
 3.40
 3.36
 3.31
 3.38
 3.34
 3.49
 3.27
 3.47
 3.71
 3.78
 3.44
 3.43
 3.08
 3.41
 3.43
 3.42
 3.41
 3.40
 3.49
 3.54
 3.67
 3.64
 3.58
 3.64
 4.00
 3.48
 3.71
 3.58
 3.53
 3.51
 3.46
 3.50
 3.52
 3.56
 3.58
 3.61
 3.69
 3.75
 3.74
 3.74
 3.69
 3.62
 3.58
 3.53
LAYR 4           8.00k
 3.83
 3.79
 3.75
 3.70
 3.63
 3.61
 3.58
 3.57
 3.56
 3.64
 3.70
 3.77
 3.83
 3.75
 3.88
 3.87
 3.62
 3.73
 3.26
 3.55
 3.58
 3.62
 3.70
 3.69
 3.60
 3.76
 3.68
 3.81
 3.70
 3.36
 3.53
 3.60
 3.79
 3.61
 3.53
 3.66
 3.65
 3.61
 3.68
 3.49
 3.85
 3.64
 3.29
 3.45
 3.82
 3.42
 3.95
 3.69
 3.57
 3.62
 3.65
 3.65
 3.30
 3.07
 3.05
 2.85
 3.27
 3.29
 3.43
 3.78
 3.77
 3.71
 3.53
 3.73
 3.63
 3.40
 3.18
 3.21
 2.70
 2.92
 2.87
 3.29
 3.60
 3.63
 3.91
 3.87
 3.82
 3.57
 3.51
 3.42
 3.41
 3.45
 3.63
 3.51
 3.33
 3.45
 3.49
 3.65
 3.62
 3.61
 3.51
 3.64
 3.76
 4.07
 3.84
 3.88
 3.25
 3.42
 3.79
 3.76
 3.75
 3.83
 3.63
 3.48
 3.75
 3.68
 3.92
 3.71
 3.63
 3.50
 3.88
 3.75
 3.78
 3.60
 4.06
 4.04
 3.42
 3.74
 3.55
 3.57
 3.55
 3.36
 3.74
 3.66
 3.31
 3.28
 3.20
 3.37
 3.47
 3.49
 3.70
 3.71
 3.56
 3.47
 3.93
 3.28
 3.59
 3.51
 3.18
 2.96
 3.49
 3.72
 3.52
 3.62
 3.68
 3.50
 3.61
 3.86
 3.38
 3.59
 3.42
 3.31
 3.21
 3.43
 3.71
 3.55
 3.56
 3.44
 3.50
 3.51
 3.79
 3.47
 3.56
 3.41
 3.31
 3.50
 3.64
 4.23
 3.60
 3.54
 3.21
 3.46
 3.63
 3.58
 3.33
 3.36
 3.50
 3.38
 3.37
 3.55
 3.70
 3.60
 3.54
 3.46
 3.48
 3.61
 3.37
 3.45
 3.46
 3.29
 3.33
 3.50
 3.52
 3.59
 3.59
 3.55
 3.56
 3.59
 3.71
 3.62
 3.52
 3.61
 3.67
 3.72
 3.75
 3.57
 3.62
 3.60
 3.58
 3.59
 3.58
 3.58
 3.57
 3.61
 3.63
 3.68
 3.70
 3.67
 3.64
 3.64
 3.61
LAYR 5          12.00k
 3.83
 3.82
 3.80
 3.78
 3.76
 3.74
 3.71
 3.72
 3.69
 3.70
 3.72
 3.74
 3.76
 3.83
 3.87
 3.83
 4.03
 3.97
 3.79
 3.74
 3.60
 3.67
 3.70
 3.61
 3.63
 3.71
 3.84
 3.84
 3.87
 3.71
 3.72
 3.65
 3.78
 3.61
 3.61
 3.54
 3.64
 3.67
 3.67
 3.77
 3.77
 3.69
 3.46
 3.34
 3.52
 3.61
 3.97
 3.78
 3.69
 3.69
 3.62
 3.63
 3.72
 3.37
 3.30
 3.21
 3.28
 3.01
 3.41
 3.95
 3.92
 3.70
 3.66
 3.62
 3.61
 3.70
 3.42
 3.26
 3.13
 2.83
 3.42
 3.74
 3.43
 3.53
 3.75
 3.67
 3.59
 3.65
 3.66
 3.68
 3.68
 3.71
 3.86
 3.49
 3.51
 4.05
 3.65
 3.63
 3.63
 3.65
 3.69
 3.68
 3.81
 3.76
 3.92
 3.95
 3.44
 3.79
 4.00
 3.84
 3.75
 3.73
 3.72
 3.72
 3.66
 3.61
 3.70
 3.92
 3.99
 3.57
 3.45
 3.74
 3.59
 3.89
 3.55
 3.81
 3.77
 3.69
 3.55
 3.53
 3.53
 3.68
 3.84
 3.48
 3.28
 3.47
 3.50
 3.74
 3.69
 3.78
 3.70
 3.82
 3.66
 3.57
 3.54
 3.75
 3.56
 3.40
 4.05
 3.80
 3.80
 3.79
 3.78
 3.65
 4.04
 3.74
 3.79
 4.21
 3.68
 3.79
 3.55
 3.65
 3.76
 3.97
 3.83
 3.79
 3.60
 3.48
 3.59
 3.57
 3.80
 3.51
 3.61
 3.50
 3.81
 3.69
 3.64
 3.96
 3.79
 3.62
 3.51
 3.52
 3.66
 3.73
 3.43
 3.61
 3.44
 3.73
 3.49
 4.01
 3.84
 3.78
 3.62
 3.65
 3.63
 3.60
 3.64
 3.89
 3.82
 3.73
 3.44
 3.74
 3.84
 3.77
 3.74
 3.65
 3.66
 3.68
 3.68
 3.62
 3.66
 3.75
 3.77
 3.73
 3.86
 3.69
 3.77
 3.74
 3.67
 3.66
 3.66
 3.67
 3.69
 3.70
 3.71
 3.72
 3.75
 3.74
 3.73
 3.72
 3.71
LAYR 6          16.00k
 3.78
 3.77
 3.74
 3.73
 3.73
 3.73
 3.73
 3.74
 3.75
 3.75
 3.76
 3.77
 3.77
 3.83
 3.68
 3.65
 3.78
 3.76
 3.69
 3.65
 3.66
 3.71
 3.73
 3.74
 3.76
 3.76
 3.87
 3.67
 3.38
 3.50
 3.58
 3.68
 3.67
 3.66
 3.65
 3.69
 3.72
 3.73
 3.75
 3.92
 3.74
 3.84
 3.77
 3.39
 3.40
 3.66
 3.64
 3.66
 3.70
 3.70
 3.72
 3.74
 3.97
 3.67
 3.81
 3.77
 3.65
 3.36
 3.83
 3.78
 3.65
 3.80
 3.69
 3.70
 3.73
 3.91
 3.74
 3.73
 3.82
 3.67
 3.81
 4.14
 3.66
 3.65
 3.73
 3.61
 3.68
 3.74
 3.87
 3.91
 4.11
 3.96
 4.01
 3.82
 3.93
 4.11
 3.55
 3.53
 3.59
 3.66
 3.78
 3.84
 3.93
 4.20
 3.93
 4.02
 3.35
 3.20
 3.62
 3.62
 3.77
 3.60
 3.69
 3.76
 3.81
 3.91
 4.04
 3.73
 3.74
 3.71
 3.42
 3.71
 3.50
 3.49
 3.65
 3.69
 3.77
 3.81
 3.91
 3.49
 3.49
 3.66
 3.68
 3.61
 3.46
 3.52
 3.62
 3.84
 3.72
 3.77
 3.82
 3.80
 3.82
 3.72
 3.70
 4.02
 3.75
 3.41
 3.50
 3.87
 3.94
 3.75
 3.78
 3.81
 3.78
 3.88
 3.83
 3.61
 4.28
 3.87
 3.57
 3.47
 3.79
 3.96
 3.81
 3.81
 3.79
 3.82
 3.88
 4.03
 4.01
 3.91
 3.94
 3.51
 3.70
 3.61
 3.75
 3.81
 3.81
 3.77
 3.96
 4.00
 3.95
 4.43
 3.90
 3.88
 3.82
 3.69
 3.65
 3.77
 3.75
 3.81
 3.75
 3.78
 3.81
 3.77
 3.83
 3.92
 3.87
 3.83
 3.73
 3.70
 3.77
 3.81
 3.77
 3.75
 3.78
 3.79
 3.80
 3.80
 3.81
 3.78
 3.77
 3.74
 3.74
 3.73
 3.76
 3.76
 3.76
 3.76
 3.76
 3.75
 3.75
 3.75
 3.74
 3.76
 3.76
 3.76
 3.76
 3.76
 3.76
LAYR 7          20.00k
 3.87
 3.86
 3.86
 3.83
 3.83
 3.83
 3.86
 3.86
 3.87
 3.87
 3.87
 3.87
 3.88
 3.88
 3.86
 3.84
 3.83
 3.82
 3.80
 3.84
 3.84
 3.86
 3.87
 3.87
 3.87
 3.87
 3.90
 3.80
 3.64
 3.67
 3.70
 3.74
 3.79
 3.84
 3.86
 3.86
 3.86
 3.87
 3.87
 3.91
 3.80
 3.76
 3.79
 3.85
 3.84
 3.84
 3.83
 3.84
 3.85
 3.85
 3.86
 3.87
 3.93
 3.75
 3.92
 4.01
 3.79
 3.82
 4.00
 3.86
 3.83
 3.82
 3.85
 3.85
 3.86
 3.92
 3.84
 3.99
 3.81
 3.86
 3.67
 4.16
 3.85
 3.92
 3.83
 3.82
 3.84
 3.86
 3.92
 3.97
 3.87
 3.60
 3.71
 3.71
 3.45
 3.84
 3.81
 3.73
 3.80
 3.82
 3.86
 3.91
 3.55
 3.68
 3.78
 3.65
 3.54
 3.64
 3.84
 3.64
 3.72
 3.80
 3.83
 3.87
 3.90
 3.79
 3.79
 3.76
 3.81
 3.78
 3.57
 3.72
 3.69
 3.84
 3.80
 3.83
 3.87
 3.91
 3.93
 3.89
 3.68
 3.76
 3.81
 3.59
 3.83
 3.71
 3.95
 3.86
 3.83
 3.88
 3.92
 4.00
 4.27
 3.82
 3.78
 3.83
 3.67
 3.73
 3.93
 3.97
 3.90
 3.86
 3.89
 3.90
 3.91
 4.10
 4.29
 3.84
 3.75
 3.79
 3.82
 3.70
 3.86
 3.93
 3.90
 3.90
 3.87
 3.87
 3.91
 4.15
 3.99
 3.79
 3.80
 3.88
 3.67
 3.85
 3.93
 3.94
 3.93
 3.87
 3.75
 3.81
 3.88
 3.93
 3.90
 3.84
 3.84
 3.77
 3.80
 3.91
 3.95
 3.90
 3.87
 3.83
 3.76
 3.76
 3.88
 3.86
 3.85
 3.82
 3.82
 3.83
 3.85
 3.88
 3.89
 3.84
 3.85
 3.85
 3.86
 3.86
 3.86
 3.85
 3.84
 3.84
 3.84
 3.85
 3.88
 3.88
 3.85
 3.85
 3.85
 3.85
 3.85
 3.85
 3.85
 3.87
 3.87
 3.87
 3.87
 3.87
 3.87
